2020-04-10 14:35:58,896 INFO  [Test_1] Website opened successfullyyyyyyyyyyyyyyyyyyyyyyyyyyyyyyyyyyyyyyyyyyyyyyyyyyyyy 
2020-04-10 14:35:59,448 INFO  [Test_1] Checking Carousel is dispalyed 
2020-04-10 14:36:00,277 INFO  [Test_1] Clicked on 'Next' button/link 
2020-04-10 14:36:01,059 INFO  [Test_1] Clicked on 'Previous' button/link 
2020-04-10 14:36:50,414 INFO  [Test_1] Website opened successfullyyyyyyyyyyyyyyyyyyyyyyyyyyyyyyyyyyyyyyyyyyyyyyyyyyyyy 
2020-04-10 14:36:50,940 INFO  [Test_1] Checking Carousel is dispalyed 
2020-04-10 14:36:51,843 INFO  [Test_1] Clicked on 'Next' button/link 
2020-04-10 14:36:52,633 INFO  [Test_1] Clicked on 'Previous' button/link 
2020-04-10 14:54:55,291 INFO  [Test_1] Website opened successfullyyyyyyyyyyyyyyyyyyyyyyyyyyyyyyyyyyyyyyyyyyyyyyyyyyyyy 
2020-04-10 14:54:55,852 INFO  [Test_1] Checking Carousel is dispalyed 
2020-04-10 14:54:56,689 INFO  [Test_1] Clicked on 'Next' button/link 
2020-04-10 14:54:57,579 INFO  [Test_1] Clicked on 'Previous' button/link 
2020-04-10 14:55:32,326 INFO  [Test_1] Website opened successfullyyyyyyyyyyyyyyyyyyyyyyyyyyyyyyyyyyyyyyyyyyyyyyyyyyyyy 
2020-04-10 14:55:32,835 INFO  [Test_1] Checking Carousel is dispalyed 
2020-04-10 14:55:33,607 INFO  [Test_1] Clicked on 'Next' button/link 
2020-04-10 14:55:34,416 INFO  [Test_1] Clicked on 'Previous' button/link 
2020-04-10 15:00:33,698 INFO  [Test_1] Website opened successfullyyyyyyyyyyyyyyyyyyyyyyyyyyyyyyyyyyyyyyyyyyyyyyyyyyyyy 
2020-04-10 15:00:34,563 INFO  [Test_1] Checking Carousel is dispalyed 
2020-04-10 15:00:35,378 INFO  [Test_1] Clicked on 'Next' button/link 
2020-04-10 15:00:36,173 INFO  [Test_1] Clicked on 'Previous' button/link 
2020-04-10 16:02:41,607 INFO  [Test_1] Website opened successfullyyyyyyyyyyyyyyyyyyyyyyyyyyyyyyyyyyyyyyyyyyyyyyyyyyyyy 
2020-04-10 16:02:42,062 INFO  [Test_1] Checking Carousel is dispalyed 
2020-04-10 16:02:42,929 INFO  [Test_1] Clicked on 'Next' button/link 
2020-04-10 16:02:43,701 INFO  [Test_1] Clicked on 'Previous' button/link 
2020-04-10 16:04:20,027 INFO  [Test_1] Website opened successfullyyyyyyyyyyyyyyyyyyyyyyyyyyyyyyyyyyyyyyyyyyyyyyyyyyyyy 
2020-04-10 16:04:20,541 INFO  [Test_1] Checking Carousel is dispalyed 
2020-04-10 16:04:21,444 INFO  [Test_1] Clicked on 'Next' button/link 
2020-04-10 16:04:22,625 INFO  [Test_1] Clicked on 'Previous' button/link 
2020-04-10 16:39:48,880 INFO  [Test_1] Website opened successfullyyyyyyyyyyyyyyyyyyyyyyyyyyyyyyyyyyyyyyyyyyyyyyyyyyyyy 
2020-04-10 16:39:49,429 INFO  [Test_1] Checking Carousel is dispalyed 
2020-04-10 16:39:50,350 INFO  [Test_1] Clicked on 'Next' button/link 
2020-04-10 16:39:51,308 INFO  [Test_1] Clicked on 'Previous' button/link 
2020-04-10 16:40:34,261 INFO  [Test_1] Website opened successfullyyyyyyyyyyyyyyyyyyyyyyyyyyyyyyyyyyyyyyyyyyyyyyyyyyyyy 
2020-04-10 16:40:34,777 INFO  [Test_1] Checking Carousel is dispalyed 
2020-04-10 16:40:35,621 INFO  [Test_1] Clicked on 'Next' button/link 
2020-04-10 16:40:36,451 INFO  [Test_1] Clicked on 'Previous' button/link 
2020-04-10 16:46:38,250 INFO  [Test_1] Website opened successfullyyyyyyyyyyyyyyyyyyyyyyyyyyyyyyyyyyyyyyyyyyyyyyyyyyyyy 
2020-04-10 16:46:39,121 INFO  [Test_1] Checking Carousel is dispalyed 
2020-04-10 16:46:39,963 INFO  [Test_1] Clicked on 'Next' button/link 
2020-04-10 16:46:40,786 INFO  [Test_1] Clicked on 'Previous' button/link 
2020-04-10 17:16:18,526 INFO  [Test_1] Website opened successfullyyyyyyyyyyyyyyyyyyyyyyyyyyyyyyyyyyyyyyyyyyyyyyyyyyyyy 
2020-04-10 17:16:19,028 INFO  [Test_1] Checking Carousel is dispalyed 
2020-04-10 17:16:19,830 INFO  [Test_1] Clicked on 'Next' button/link 
2020-04-10 17:16:20,745 INFO  [Test_1] Clicked on 'Previous' button/link 
2020-04-10 17:21:59,888 INFO  [Test_1] Website opened successfullyyyyyyyyyyyyyyyyyyyyyyyyyyyyyyyyyyyyyyyyyyyyyyyyyyyyy 
2020-04-10 17:22:00,444 INFO  [Test_1] Checking Carousel is dispalyed 
2020-04-10 17:22:01,318 INFO  [Test_1] Clicked on 'Next' button/link 
2020-04-10 17:22:02,114 INFO  [Test_1] Clicked on 'Previous' button/link 
2020-04-10 17:23:38,806 INFO  [Test_1] Website opened successfullyyyyyyyyyyyyyyyyyyyyyyyyyyyyyyyyyyyyyyyyyyyyyyyyyyyyy 
2020-04-10 17:23:39,265 INFO  [Test_1] Checking Carousel is dispalyed 
2020-04-10 17:23:40,030 INFO  [Test_1] Clicked on 'Next' button/link 
2020-04-10 17:23:40,949 INFO  [Test_1] Clicked on 'Previous' button/link 
2020-04-10 17:24:46,968 INFO  [Test_1] Website opened successfullyyyyyyyyyyyyyyyyyyyyyyyyyyyyyyyyyyyyyyyyyyyyyyyyyyyyy 
2020-04-10 17:24:47,508 INFO  [Test_1] Checking Carousel is dispalyed 
2020-04-10 17:24:48,304 INFO  [Test_1] Clicked on 'Next' button/link 
2020-04-10 17:24:49,108 INFO  [Test_1] Clicked on 'Previous' button/link 
2020-04-10 17:27:37,872 INFO  [Test_1] Website opened successfullyyyyyyyyyyyyyyyyyyyyyyyyyyyyyyyyyyyyyyyyyyyyyyyyyyyyy 
2020-04-10 17:27:38,393 INFO  [Test_1] Checking Carousel is dispalyed 
2020-04-10 17:27:39,163 INFO  [Test_1] Clicked on 'Next' button/link 
2020-04-10 17:27:39,971 INFO  [Test_1] Clicked on 'Previous' button/link 
2020-04-10 17:28:34,591 INFO  [Test_1] Website opened successfullyyyyyyyyyyyyyyyyyyyyyyyyyyyyyyyyyyyyyyyyyyyyyyyyyyyyy 
2020-04-10 17:28:35,125 INFO  [Test_1] Checking Carousel is dispalyed 
2020-04-10 17:28:35,945 INFO  [Test_1] Clicked on 'Next' button/link 
2020-04-10 17:28:36,754 INFO  [Test_1] Clicked on 'Previous' button/link 
2020-04-10 17:31:56,565 INFO  [Test_1] Website opened successfullyyyyyyyyyyyyyyyyyyyyyyyyyyyyyyyyyyyyyyyyyyyyyyyyyyyyy 
2020-04-10 17:31:57,472 INFO  [Test_1] Checking Carousel is dispalyed 
2020-04-10 17:31:58,297 INFO  [Test_1] Clicked on 'Next' button/link 
2020-04-10 17:31:59,159 INFO  [Test_1] Clicked on 'Previous' button/link 
2020-04-10 17:33:40,981 INFO  [Test_1] Website opened successfullyyyyyyyyyyyyyyyyyyyyyyyyyyyyyyyyyyyyyyyyyyyyyyyyyyyyy 
2020-04-10 17:33:41,458 INFO  [Test_1] Checking Carousel is dispalyed 
2020-04-10 17:33:42,225 INFO  [Test_1] Clicked on 'Next' button/link 
2020-04-10 17:33:43,046 INFO  [Test_1] Clicked on 'Previous' button/link 
2020-04-10 17:36:30,756 INFO  [Test_1] Website opened successfullyyyyyyyyyyyyyyyyyyyyyyyyyyyyyyyyyyyyyyyyyyyyyyyyyyyyy 
2020-04-10 17:36:31,636 INFO  [Test_1] Checking Carousel is dispalyed 
2020-04-10 17:36:32,394 INFO  [Test_1] Clicked on 'Next' button/link 
2020-04-10 17:36:33,264 INFO  [Test_1] Clicked on 'Previous' button/link 
2020-04-10 18:07:04,855 INFO  [Test_1] Website opened successfullyyyyyyyyyyyyyyyyyyyyyyyyyyyyyyyyyyyyyyyyyyyyyyyyyyyyy 
2020-04-10 20:40:27,918 INFO  [Test_1] Website opened successfullyyyyyyyyyyyyyyyyyyyyyyyyyyyyyyyyyyyyyyyyyyyyyyyyyyyyy 
2020-04-10 20:40:28,545 INFO  [Test_1] Checking Carousel is dispalyed 
2020-04-10 20:40:29,555 INFO  [Test_1] Clicked on 'Next' button/link 
2020-04-10 20:40:30,629 INFO  [Test_1] Clicked on 'Previous' button/link 
2020-04-10 20:40:55,733 INFO  [Test_1] Website opened successfullyyyyyyyyyyyyyyyyyyyyyyyyyyyyyyyyyyyyyyyyyyyyyyyyyyyyy 
2020-04-10 20:40:56,382 INFO  [Test_1] Clicked on 'HamBurger' Menu 
2020-04-10 20:41:08,539 INFO  [Test_1] Clicked on 'Contact us' Menu 
2020-04-10 20:41:08,786 INFO  [Test_1] Checking 'PWC','Digital Plus','CareerAT','General' Tabs 
2020-04-10 20:41:31,875 INFO  [Test_1] Website opened successfullyyyyyyyyyyyyyyyyyyyyyyyyyyyyyyyyyyyyyyyyyyyyyyyyyyyyy 
2020-04-10 20:41:32,512 INFO  [Test_1] Clicked on 'Magnifying glass' Menu 
2020-04-10 20:41:49,861 INFO  [Test_1] Enter 'Single Page Applications' in text box 
2020-04-10 20:41:50,893 INFO  [Test_1] Checking Search results 
2020-04-10 20:42:59,686 INFO  [Test_1] Website opened successfullyyyyyyyyyyyyyyyyyyyyyyyyyyyyyyyyyyyyyyyyyyyyyyyyyyyyy 
2020-04-10 20:43:00,298 INFO  [Test_1] Checking Carousel is dispalyed 
2020-04-10 20:43:01,390 INFO  [Test_1] Clicked on 'Next' button/link 
2020-04-10 20:43:02,389 INFO  [Test_1] Clicked on 'Previous' button/link 
2020-04-10 20:44:29,846 INFO  [Test_1] Website opened successfullyyyyyyyyyyyyyyyyyyyyyyyyyyyyyyyyyyyyyyyyyyyyyyyyyyyyy 
2020-04-10 20:44:30,437 INFO  [Test_1] Checking Carousel is dispalyed 
2020-04-10 20:44:31,643 INFO  [Test_1] Clicked on 'Next' button/link 
2020-04-10 20:44:32,715 INFO  [Test_1] Clicked on 'Previous' button/link 
2020-04-10 20:45:05,631 INFO  [Test_1] Website opened successfullyyyyyyyyyyyyyyyyyyyyyyyyyyyyyyyyyyyyyyyyyyyyyyyyyyyyy 
2020-04-10 20:45:06,778 INFO  [Test_1] Clicked on 'HamBurger' Menu 
2020-04-10 20:45:08,569 INFO  [Test_1] Clicked on 'Contact us' Menu 
2020-04-10 20:45:08,727 INFO  [Test_1] Checking 'PWC','Digital Plus','CareerAT','General' Tabs 
2020-04-10 20:45:19,038 INFO  [Test_1] Website opened successfullyyyyyyyyyyyyyyyyyyyyyyyyyyyyyyyyyyyyyyyyyyyyyyyyyyyyy 
2020-04-10 20:45:19,700 INFO  [Test_1] Clicked on 'Magnifying glass' Menu 
2020-04-10 20:45:21,233 INFO  [Test_1] Enter 'Single Page Applications' in text box 
2020-04-10 20:45:22,289 INFO  [Test_1] Checking Search results 
2020-04-10 20:50:01,658 INFO  [Test_1] Website opened successfullyyyyyyyyyyyyyyyyyyyyyyyyyyyyyyyyyyyyyyyyyyyyyyyyyyyyy 
2020-04-10 20:50:02,306 INFO  [Test_1] Checking Carousel is dispalyed 
2020-04-10 20:50:03,323 INFO  [Test_1] Clicked on 'Next' button/link 
2020-04-10 20:50:04,316 INFO  [Test_1] Clicked on 'Previous' button/link 
2020-04-10 20:50:38,032 INFO  [Test_1] Website opened successfullyyyyyyyyyyyyyyyyyyyyyyyyyyyyyyyyyyyyyyyyyyyyyyyyyyyyy 
2020-04-10 20:50:38,750 INFO  [Test_1] Clicked on 'HamBurger' Menu 
2020-04-10 20:50:42,724 INFO  [Test_1] Clicked on 'Contact us' Menu 
2020-04-10 20:50:42,876 INFO  [Test_1] Checking 'PWC','Digital Plus','CareerAT','General' Tabs 
2020-04-10 20:50:57,792 INFO  [Test_1] Website opened successfullyyyyyyyyyyyyyyyyyyyyyyyyyyyyyyyyyyyyyyyyyyyyyyyyyyyyy 
2020-04-10 20:50:58,431 INFO  [Test_1] Clicked on 'Magnifying glass' Menu 
2020-04-10 20:51:00,554 INFO  [Test_1] Enter 'Single Page Applications' in text box 
2020-04-10 20:51:01,553 INFO  [Test_1] Checking Search results 
2020-04-13 14:31:11,016 INFO  [Test_1] Website opened successfullyyyyyyyyyyyyyyyyyyyyyyyyyyyyyyyyyyyyyyyyyyyyyyyyyyyyy 
2020-04-13 14:31:11,852 INFO  [Test_1] Checking Carousel is dispalyed 
2020-04-13 14:31:12,650 INFO  [Test_1] Clicked on 'Next' button/link 
2020-04-13 14:31:13,518 INFO  [Test_1] Clicked on 'Previous' button/link 
2020-04-13 14:31:23,760 INFO  [Test_1] Website opened successfullyyyyyyyyyyyyyyyyyyyyyyyyyyyyyyyyyyyyyyyyyyyyyyyyyyyyy 
2020-04-13 14:31:24,310 INFO  [Test_1] Clicked on 'HamBurger' Menu 
2020-04-13 14:31:28,386 INFO  [Test_1] Clicked on 'Contact us' Menu 
2020-04-13 14:31:28,513 INFO  [Test_1] Checking 'PWC','Digital Plus','CareerAT','General' Tabs 
2020-04-13 14:31:35,773 INFO  [Test_1] Website opened successfullyyyyyyyyyyyyyyyyyyyyyyyyyyyyyyyyyyyyyyyyyyyyyyyyyyyyy 
2020-04-13 14:31:36,323 INFO  [Test_1] Clicked on 'Magnifying glass' Menu 
2020-04-13 14:31:37,988 INFO  [Test_1] Enter 'Single Page Applications' in text box 
2020-04-13 14:31:38,796 INFO  [Test_1] Checking Search results 
2020-04-13 14:31:57,607 INFO  [Test_1] Website opened successfullyyyyyyyyyyyyyyyyyyyyyyyyyyyyyyyyyyyyyyyyyyyyyyyyyyyyy 
2020-04-13 14:31:58,136 INFO  [Test_1] Checking Carousel is dispalyed 
2020-04-13 14:31:58,919 INFO  [Test_1] Clicked on 'Next' button/link 
2020-04-13 14:31:59,722 INFO  [Test_1] Clicked on 'Previous' button/link 
2020-04-13 14:32:09,978 INFO  [Test_1] Website opened successfullyyyyyyyyyyyyyyyyyyyyyyyyyyyyyyyyyyyyyyyyyyyyyyyyyyyyy 
2020-04-13 14:32:10,592 INFO  [Test_1] Clicked on 'HamBurger' Menu 
2020-04-13 14:32:12,335 INFO  [Test_1] Clicked on 'Contact us' Menu 
2020-04-13 14:32:12,456 INFO  [Test_1] Checking 'PWC','Digital Plus','CareerAT','General' Tabs 
2020-04-13 14:32:21,971 INFO  [Test_1] Website opened successfullyyyyyyyyyyyyyyyyyyyyyyyyyyyyyyyyyyyyyyyyyyyyyyyyyyyyy 
2020-04-13 14:32:22,569 INFO  [Test_1] Clicked on 'Magnifying glass' Menu 
2020-04-13 14:32:24,018 INFO  [Test_1] Enter 'Single Page Applications' in text box 
2020-04-13 14:32:24,894 INFO  [Test_1] Checking Search results 
2020-04-13 14:33:29,062 INFO  [Test_1] Website opened successfullyyyyyyyyyyyyyyyyyyyyyyyyyyyyyyyyyyyyyyyyyyyyyyyyyyyyy 
2020-04-13 14:33:29,622 INFO  [Test_1] Checking Carousel is dispalyed 
2020-04-13 14:33:30,395 INFO  [Test_1] Clicked on 'Next' button/link 
2020-04-13 14:33:31,204 INFO  [Test_1] Clicked on 'Previous' button/link 
2020-04-13 14:33:40,737 INFO  [Test_1] Website opened successfullyyyyyyyyyyyyyyyyyyyyyyyyyyyyyyyyyyyyyyyyyyyyyyyyyyyyy 
2020-04-13 14:33:41,282 INFO  [Test_1] Clicked on 'HamBurger' Menu 
2020-04-13 14:33:42,499 INFO  [Test_1] Clicked on 'Contact us' Menu 
2020-04-13 14:33:42,620 INFO  [Test_1] Checking 'PWC','Digital Plus','CareerAT','General' Tabs 
2020-04-13 14:33:52,327 INFO  [Test_1] Website opened successfullyyyyyyyyyyyyyyyyyyyyyyyyyyyyyyyyyyyyyyyyyyyyyyyyyyyyy 
2020-04-13 14:33:52,893 INFO  [Test_1] Clicked on 'Magnifying glass' Menu 
2020-04-13 14:33:54,286 INFO  [Test_1] Enter 'Single Page Applications' in text box 
2020-04-13 14:33:55,143 INFO  [Test_1] Checking Search results 
2020-04-13 14:35:38,718 INFO  [Test_1] Website opened successfullyyyyyyyyyyyyyyyyyyyyyyyyyyyyyyyyyyyyyyyyyyyyyyyyyyyyy 
2020-04-13 14:35:39,316 INFO  [Test_1] Clicked on 'Magnifying glass' Menu 
2020-04-13 14:35:40,967 INFO  [Test_1] Enter 'Single Page Applications' in text box 
2020-04-13 14:35:41,815 INFO  [Test_1] Checking Search results 
2020-04-13 14:35:57,319 INFO  [Test_1] Website opened successfullyyyyyyyyyyyyyyyyyyyyyyyyyyyyyyyyyyyyyyyyyyyyyyyyyyyyy 
2020-04-13 14:35:57,875 INFO  [Test_1] Checking Carousel is dispalyed 
2020-04-13 14:35:58,614 INFO  [Test_1] Clicked on 'Next' button/link 
2020-04-13 14:35:59,396 INFO  [Test_1] Clicked on 'Previous' button/link 
2020-04-13 14:36:19,749 INFO  [Test_1] Website opened successfullyyyyyyyyyyyyyyyyyyyyyyyyyyyyyyyyyyyyyyyyyyyyyyyyyyyyy 
2020-04-13 14:36:20,383 INFO  [Test_1] Clicked on 'HamBurger' Menu 
2020-04-13 14:36:21,958 INFO  [Test_1] Clicked on 'Contact us' Menu 
2020-04-13 14:36:22,090 INFO  [Test_1] Checking 'PWC','Digital Plus','CareerAT','General' Tabs 
2020-04-13 14:38:49,166 INFO  [Test_1] Website opened successfullyyyyyyyyyyyyyyyyyyyyyyyyyyyyyyyyyyyyyyyyyyyyyyyyyyyyy 
2020-04-13 14:38:49,736 INFO  [Test_1] Clicked on 'HamBurger' Menu 
2020-04-13 14:38:51,134 INFO  [Test_1] Clicked on 'Contact us' Menu 
2020-04-13 14:38:51,269 INFO  [Test_1] Checking 'PWC','Digital Plus','CareerAT','General' Tabs 
2020-04-13 14:39:00,532 INFO  [Test_1] Website opened successfullyyyyyyyyyyyyyyyyyyyyyyyyyyyyyyyyyyyyyyyyyyyyyyyyyyyyy 
2020-04-13 14:39:00,987 INFO  [Test_1] Checking Carousel is dispalyed 
2020-04-13 14:39:01,743 INFO  [Test_1] Clicked on 'Next' button/link 
2020-04-13 14:39:02,559 INFO  [Test_1] Clicked on 'Previous' button/link 
2020-04-13 14:39:13,570 INFO  [Test_1] Website opened successfullyyyyyyyyyyyyyyyyyyyyyyyyyyyyyyyyyyyyyyyyyyyyyyyyyyyyy 
2020-04-13 14:39:14,119 INFO  [Test_1] Clicked on 'Magnifying glass' Menu 
2020-04-13 14:39:15,649 INFO  [Test_1] Enter 'Single Page Applications' in text box 
2020-04-13 14:39:16,489 INFO  [Test_1] Checking Search results 
2020-04-13 15:39:06,910 INFO  [Test_1] Website opened successfullyyyyyyyyyyyyyyyyyyyyyyyyyyyyyyyyyyyyyyyyyyyyyyyyyyyyy 
2020-04-13 15:39:07,567 INFO  [Test_1] Clicked on 'HamBurger' Menu 
2020-04-13 15:39:08,993 INFO  [Test_1] Clicked on 'Contact us' Menu 
2020-04-13 15:39:09,131 INFO  [Test_1] Checking 'PWC','Digital Plus','CareerAT','General' Tabs 
2020-04-13 15:39:15,278 INFO  [Test_1] Website opened successfullyyyyyyyyyyyyyyyyyyyyyyyyyyyyyyyyyyyyyyyyyyyyyyyyyyyyy 
2020-04-13 15:39:15,762 INFO  [Test_1] Checking Carousel is dispalyed 
2020-04-13 15:39:16,613 INFO  [Test_1] Clicked on 'Next' button/link 
2020-04-13 15:39:17,572 INFO  [Test_1] Clicked on 'Previous' button/link 
2020-04-13 15:39:26,299 INFO  [Test_1] Website opened successfullyyyyyyyyyyyyyyyyyyyyyyyyyyyyyyyyyyyyyyyyyyyyyyyyyyyyy 
2020-04-13 15:39:26,876 INFO  [Test_1] Clicked on 'Magnifying glass' Menu 
2020-04-13 15:39:28,566 INFO  [Test_1] Enter 'Single Page Applications' in text box 
2020-04-13 15:39:29,430 INFO  [Test_1] Checking Search results 
2020-04-13 15:41:44,876 INFO  [Test_1] Website opened successfullyyyyyyyyyyyyyyyyyyyyyyyyyyyyyyyyyyyyyyyyyyyyyyyyyyyyy 
2020-04-13 15:41:45,799 INFO  [Test_1] Clicked on 'HamBurger' Menu 
2020-04-13 15:41:47,121 INFO  [Test_1] Clicked on 'Contact us' Menu 
2020-04-13 15:41:47,262 INFO  [Test_1] Checking 'PWC','Digital Plus','CareerAT','General' Tabs 
2020-04-13 15:41:57,005 INFO  [Test_1] Website opened successfullyyyyyyyyyyyyyyyyyyyyyyyyyyyyyyyyyyyyyyyyyyyyyyyyyyyyy 
2020-04-13 15:41:57,469 INFO  [Test_1] Checking Carousel is dispalyed 
2020-04-13 15:41:58,317 INFO  [Test_1] Clicked on 'Next' button/link 
2020-04-13 15:41:59,191 INFO  [Test_1] Clicked on 'Previous' button/link 
2020-04-13 15:42:08,196 INFO  [Test_1] Website opened successfullyyyyyyyyyyyyyyyyyyyyyyyyyyyyyyyyyyyyyyyyyyyyyyyyyyyyy 
2020-04-13 15:42:08,735 INFO  [Test_1] Clicked on 'Magnifying glass' Menu 
2020-04-13 15:42:09,992 INFO  [Test_1] Enter 'Single Page Applications' in text box 
2020-04-13 15:42:10,883 INFO  [Test_1] Checking Search results 
2020-04-13 21:12:27,191 INFO  [Test_1] Website opened successfullyyyyyyyyyyyyyyyyyyyyyyyyyyyyyyyyyyyyyyyyyyyyyyyyyyyyy 
2020-04-13 21:12:27,809 INFO  [Test_1] Clicked on 'HamBurger' Menu 
2020-04-13 21:12:29,314 INFO  [Test_1] Clicked on 'Contact us' Menu 
2020-04-13 21:12:29,434 INFO  [Test_1] Checking 'PWC','Digital Plus','CareerAT','General' Tabs 
2020-04-13 21:12:39,361 INFO  [Test_1] Website opened successfullyyyyyyyyyyyyyyyyyyyyyyyyyyyyyyyyyyyyyyyyyyyyyyyyyyyyy 
2020-04-13 21:12:39,866 INFO  [Test_1] Checking Carousel is dispalyed 
2020-04-13 21:12:40,630 INFO  [Test_1] Clicked on 'Next' button/link 
2020-04-13 21:12:41,458 INFO  [Test_1] Clicked on 'Previous' button/link 
2020-04-13 21:12:51,055 INFO  [Test_1] Website opened successfullyyyyyyyyyyyyyyyyyyyyyyyyyyyyyyyyyyyyyyyyyyyyyyyyyyyyy 
2020-04-13 21:12:51,661 INFO  [Test_1] Clicked on 'Magnifying glass' Menu 
2020-04-13 21:12:53,072 INFO  [Test_1] Enter 'Single Page Applications' in text box 
2020-04-13 21:12:53,898 INFO  [Test_1] Checking Search results 
2020-04-13 21:13:31,687 INFO  [Test_1] Website opened successfullyyyyyyyyyyyyyyyyyyyyyyyyyyyyyyyyyyyyyyyyyyyyyyyyyyyyy 
2020-04-13 21:13:32,303 INFO  [Test_1] Clicked on 'HamBurger' Menu 
2020-04-13 21:13:33,579 INFO  [Test_1] Clicked on 'Contact us' Menu 
2020-04-13 21:13:33,700 INFO  [Test_1] Checking 'PWC','Digital Plus','CareerAT','General' Tabs 
2020-04-13 21:13:43,419 INFO  [Test_1] Website opened successfullyyyyyyyyyyyyyyyyyyyyyyyyyyyyyyyyyyyyyyyyyyyyyyyyyyyyy 
2020-04-13 21:13:43,952 INFO  [Test_1] Checking Carousel is dispalyed 
2020-04-13 21:13:44,683 INFO  [Test_1] Clicked on 'Next' button/link 
2020-04-13 21:13:45,485 INFO  [Test_1] Clicked on 'Previous' button/link 
2020-04-13 21:13:53,201 INFO  [Test_1] Website opened successfullyyyyyyyyyyyyyyyyyyyyyyyyyyyyyyyyyyyyyyyyyyyyyyyyyyyyy 
2020-04-13 21:13:53,768 INFO  [Test_1] Clicked on 'Magnifying glass' Menu 
2020-04-13 21:13:55,379 INFO  [Test_1] Enter 'Single Page Applications' in text box 
2020-04-13 21:13:56,226 INFO  [Test_1] Checking Search results 
2020-04-13 21:19:39,102 INFO  [Test_1] Website opened successfullyyyyyyyyyyyyyyyyyyyyyyyyyyyyyyyyyyyyyyyyyyyyyyyyyyyyy 
2020-04-13 21:19:39,970 INFO  [Test_1] Clicked on 'HamBurger' Menu 
2020-04-13 21:19:41,325 INFO  [Test_1] Clicked on 'Contact us' Menu 
2020-04-13 21:19:41,455 INFO  [Test_1] Checking 'PWC','Digital Plus','CareerAT','General' Tabs 
2020-04-13 21:19:51,063 INFO  [Test_1] Website opened successfullyyyyyyyyyyyyyyyyyyyyyyyyyyyyyyyyyyyyyyyyyyyyyyyyyyyyy 
2020-04-13 21:19:51,507 INFO  [Test_1] Checking Carousel is dispalyed 
2020-04-13 21:19:52,226 INFO  [Test_1] Clicked on 'Next' button/link 
2020-04-13 21:19:53,055 INFO  [Test_1] Clicked on 'Previous' button/link 
2020-04-13 21:20:02,661 INFO  [Test_1] Website opened successfullyyyyyyyyyyyyyyyyyyyyyyyyyyyyyyyyyyyyyyyyyyyyyyyyyyyyy 
2020-04-13 21:20:03,490 INFO  [Test_1] Clicked on 'Magnifying glass' Menu 
2020-04-13 21:20:04,850 INFO  [Test_1] Enter 'Single Page Applications' in text box 
2020-04-13 21:20:05,668 INFO  [Test_1] Checking Search results 
2020-04-13 21:20:45,866 INFO  [Test_1] Website opened successfullyyyyyyyyyyyyyyyyyyyyyyyyyyyyyyyyyyyyyyyyyyyyyyyyyyyyy 
2020-04-13 21:20:46,471 INFO  [Test_1] Clicked on 'HamBurger' Menu 
2020-04-13 21:20:48,024 INFO  [Test_1] Clicked on 'Contact us' Menu 
2020-04-13 21:20:48,184 INFO  [Test_1] Checking 'PWC','Digital Plus','CareerAT','General' Tabs 
2020-04-13 21:20:55,393 INFO  [Test_1] Website opened successfullyyyyyyyyyyyyyyyyyyyyyyyyyyyyyyyyyyyyyyyyyyyyyyyyyyyyy 
2020-04-13 21:20:55,865 INFO  [Test_1] Checking Carousel is dispalyed 
2020-04-13 21:20:56,617 INFO  [Test_1] Clicked on 'Next' button/link 
2020-04-13 21:20:57,421 INFO  [Test_1] Clicked on 'Previous' button/link 
2020-04-13 21:21:07,232 INFO  [Test_1] Website opened successfullyyyyyyyyyyyyyyyyyyyyyyyyyyyyyyyyyyyyyyyyyyyyyyyyyyyyy 
2020-04-13 21:21:08,131 INFO  [Test_1] Clicked on 'Magnifying glass' Menu 
2020-04-13 21:21:09,809 INFO  [Test_1] Enter 'Single Page Applications' in text box 
2020-04-13 21:21:10,648 INFO  [Test_1] Checking Search results 
2020-04-13 21:22:21,212 INFO  [Test_1] Website opened successfullyyyyyyyyyyyyyyyyyyyyyyyyyyyyyyyyyyyyyyyyyyyyyyyyyyyyy 
2020-04-13 21:22:21,816 INFO  [Test_1] Clicked on 'HamBurger' Menu 
2020-04-13 21:22:23,153 INFO  [Test_1] Clicked on 'Contact us' Menu 
2020-04-13 21:22:23,279 INFO  [Test_1] Checking 'PWC','Digital Plus','CareerAT','General' Tabs 
2020-04-13 21:22:39,136 INFO  [Test_1] Website opened successfullyyyyyyyyyyyyyyyyyyyyyyyyyyyyyyyyyyyyyyyyyyyyyyyyyyyyy 
2020-04-13 21:22:39,611 INFO  [Test_1] Checking Carousel is dispalyed 
2020-04-13 21:22:40,345 INFO  [Test_1] Clicked on 'Next' button/link 
2020-04-13 21:22:41,146 INFO  [Test_1] Clicked on 'Previous' button/link 
2020-04-13 21:22:50,206 INFO  [Test_1] Website opened successfullyyyyyyyyyyyyyyyyyyyyyyyyyyyyyyyyyyyyyyyyyyyyyyyyyyyyy 
2020-04-13 21:22:50,754 INFO  [Test_1] Clicked on 'Magnifying glass' Menu 
2020-04-13 21:22:52,083 INFO  [Test_1] Enter 'Single Page Applications' in text box 
2020-04-13 21:22:52,934 INFO  [Test_1] Checking Search results 
2020-04-13 21:23:45,070 INFO  [Test_1] Website opened successfullyyyyyyyyyyyyyyyyyyyyyyyyyyyyyyyyyyyyyyyyyyyyyyyyyyyyy 
2020-04-13 21:23:45,652 INFO  [Test_1] Clicked on 'HamBurger' Menu 
2020-04-13 21:23:46,887 INFO  [Test_1] Clicked on 'Contact us' Menu 
2020-04-13 21:23:47,008 INFO  [Test_1] Checking 'PWC','Digital Plus','CareerAT','General' Tabs 
2020-04-13 21:23:56,405 INFO  [Test_1] Website opened successfullyyyyyyyyyyyyyyyyyyyyyyyyyyyyyyyyyyyyyyyyyyyyyyyyyyyyy 
2020-04-13 21:23:57,199 INFO  [Test_1] Checking Carousel is dispalyed 
2020-04-13 21:23:57,976 INFO  [Test_1] Clicked on 'Next' button/link 
2020-04-13 21:23:58,878 INFO  [Test_1] Clicked on 'Previous' button/link 
2020-04-13 21:24:08,829 INFO  [Test_1] Website opened successfullyyyyyyyyyyyyyyyyyyyyyyyyyyyyyyyyyyyyyyyyyyyyyyyyyyyyy 
2020-04-13 21:24:09,377 INFO  [Test_1] Clicked on 'Magnifying glass' Menu 
2020-04-13 21:24:10,759 INFO  [Test_1] Enter 'Single Page Applications' in text box 
2020-04-13 21:24:11,593 INFO  [Test_1] Checking Search results 
2020-04-13 21:25:03,690 INFO  [Test_1] Website opened successfullyyyyyyyyyyyyyyyyyyyyyyyyyyyyyyyyyyyyyyyyyyyyyyyyyyyyy 
2020-04-13 21:25:04,614 INFO  [Test_1] Clicked on 'HamBurger' Menu 
2020-04-13 21:25:05,932 INFO  [Test_1] Clicked on 'Contact us' Menu 
2020-04-13 21:25:06,066 INFO  [Test_1] Checking 'PWC','Digital Plus','CareerAT','General' Tabs 
2020-04-13 21:25:15,638 INFO  [Test_1] Website opened successfullyyyyyyyyyyyyyyyyyyyyyyyyyyyyyyyyyyyyyyyyyyyyyyyyyyyyy 
2020-04-13 21:25:16,134 INFO  [Test_1] Checking Carousel is dispalyed 
2020-04-13 21:25:16,988 INFO  [Test_1] Clicked on 'Next' button/link 
2020-04-13 21:25:17,874 INFO  [Test_1] Clicked on 'Previous' button/link 
2020-04-13 21:25:27,743 INFO  [Test_1] Website opened successfullyyyyyyyyyyyyyyyyyyyyyyyyyyyyyyyyyyyyyyyyyyyyyyyyyyyyy 
2020-04-13 21:25:28,343 INFO  [Test_1] Clicked on 'Magnifying glass' Menu 
2020-04-13 21:25:29,902 INFO  [Test_1] Enter 'Single Page Applications' in text box 
2020-04-13 21:25:30,758 INFO  [Test_1] Checking Search results 
2020-04-14 23:03:21,848 INFO  [Test_1] Website opened successfullyyyyyyyyyyyyyyyyyyyyyyyyyyyyyyyyyyyyyyyyyyyyyyyyyyyyy 
2020-04-14 23:03:22,461 INFO  [Test_1] Clicked on 'HamBurger' Menu 
2020-04-14 23:03:27,233 INFO  [Test_1] Clicked on 'Contact us' Menu 
2020-04-14 23:03:27,350 INFO  [Test_1] Checking 'PWC','Digital Plus','CareerAT','General' Tabs 
2020-04-14 23:04:07,067 INFO  [Test_1] Website opened successfullyyyyyyyyyyyyyyyyyyyyyyyyyyyyyyyyyyyyyyyyyyyyyyyyyyyyy 
2020-04-14 23:04:07,658 INFO  [Test_1] Clicked on 'HamBurger' Menu 
2020-04-14 23:04:09,887 INFO  [Test_1] Clicked on 'Contact us' Menu 
2020-04-14 23:04:10,013 INFO  [Test_1] Checking 'PWC','Digital Plus','CareerAT','General' Tabs 
2020-04-14 23:08:11,656 INFO  [Test_1] Website opened successfully 
2020-04-14 23:08:12,252 INFO  [Test_1] Clicked on 'HamBurger' Menu 
2020-04-14 23:08:17,396 INFO  [Test_1] Clicked on 'Contact us' Menu 
2020-04-14 23:08:17,522 INFO  [Test_1] Checking 'PWC','Digital Plus','CareerAT','General' Tabs 
2020-04-14 23:09:45,221 INFO  [Test_1] Website opened successfully 
2020-04-14 23:09:45,865 INFO  [Test_1] Clicked on 'HamBurger' Menu 
2020-04-14 23:09:47,150 INFO  [Test_1] Clicked on 'Contact us' Menu 
2020-04-14 23:09:47,284 INFO  [Test_1] Checking 'PWC','Digital Plus','CareerAT','General' Tabs 
2020-04-14 23:13:19,433 INFO  [Test_1] Website opened successfully 
2020-04-14 23:13:20,047 INFO  [Test_1] Clicked on 'HamBurger' Menu 
2020-04-14 23:13:21,264 INFO  [Test_1] Clicked on 'Contact us' Menu 
2020-04-14 23:13:21,391 INFO  [Test_1] Checking 'PWC','Digital Plus','CareerAT','General' Tabs 
2020-04-14 23:13:44,025 INFO  [Test_1] Website opened successfully 
2020-04-14 23:13:44,616 INFO  [Test_1] Clicked on 'HamBurger' Menu 
2020-04-14 23:13:45,986 INFO  [Test_1] Clicked on 'Contact us' Menu 
2020-04-14 23:13:46,119 INFO  [Test_1] Checking 'PWC','Digital Plus','CareerAT','General' Tabs 
2020-04-14 23:14:17,478 INFO  [Test_1] Website opened successfully 
2020-04-14 23:14:18,073 INFO  [Test_1] Clicked on 'HamBurger' Menu 
2020-04-14 23:14:19,366 INFO  [Test_1] Clicked on 'Contact us' Menu 
2020-04-14 23:14:19,494 INFO  [Test_1] Checking 'PWC','Digital Plus','CareerAT','General' Tabs 
2020-04-14 23:15:46,688 INFO  [Test_1] Website opened successfully 
2020-04-14 23:15:47,258 INFO  [Test_1] Clicked on 'HamBurger' Menu 
2020-04-14 23:15:48,639 INFO  [Test_1] Clicked on 'Contact us' Menu 
2020-04-14 23:15:48,769 INFO  [Test_1] Checking 'PWC','Digital Plus','CareerAT','General' Tabs 
2020-04-14 23:15:58,225 INFO  [Test_1] Website opened successfully 
2020-04-14 23:15:58,674 INFO  [Test_1] Checking Carousel is dispalyed 
2020-04-14 23:15:59,399 INFO  [Test_1] Clicked on 'Next' button/link 
2020-04-14 23:16:00,246 INFO  [Test_1] Clicked on 'Previous' button/link 
2020-04-14 23:16:09,975 INFO  [Test_1] Website opened successfully 
2020-04-14 23:16:10,495 INFO  [Test_1] Clicked on 'Magnifying glass' Menu 
2020-04-14 23:16:12,255 INFO  [Test_1] Enter 'Single Page Applications' in text box 
2020-04-14 23:16:13,042 INFO  [Test_1] Checking Search results 
2020-04-15 21:28:02,138 INFO  [Test_1] Website opened successfully 
2020-04-15 21:28:02,884 INFO  [Test_1] Clicked on 'HamBurger' Menu 
2020-04-15 21:28:04,683 INFO  [Test_1] Clicked on 'Contact us' Menu 
2020-04-15 21:28:04,847 INFO  [Test_1] Checking 'PWC','Digital Plus','CareerAT','General' Tabs 
2020-04-15 21:28:14,758 INFO  [Test_1] Website opened successfully 
2020-04-15 21:28:15,432 INFO  [Test_1] Checking Carousel is dispalyed 
2020-04-15 21:28:16,456 INFO  [Test_1] Clicked on 'Next' button/link 
2020-04-15 21:28:17,621 INFO  [Test_1] Clicked on 'Previous' button/link 
2020-04-15 21:28:27,979 INFO  [Test_1] Website opened successfully 
2020-04-15 21:28:28,666 INFO  [Test_1] Clicked on 'Magnifying glass' Menu 
2020-04-15 21:28:30,638 INFO  [Test_1] Enter 'Single Page Applications' in text box 
2020-04-15 21:28:31,644 INFO  [Test_1] Checking Search results 
2020-04-21 21:33:15,236 INFO  [Test_1] Website opened successfully 
2020-04-21 21:33:15,910 INFO  [Test_1] Clicked on 'HamBurger' Menu 
2020-04-21 21:33:20,472 INFO  [Test_1] Clicked on 'Contact us' Menu 
2020-04-21 21:33:20,630 INFO  [Test_1] Checking 'PWC','Digital Plus','CareerAT','General' Tabs 
2020-04-21 21:33:32,188 INFO  [Test_1] Website opened successfully 
2020-04-21 21:33:32,669 INFO  [Test_1] Checking Carousel is dispalyed 
2020-04-21 21:33:33,456 INFO  [Test_1] Clicked on 'Next' button/link 
2020-04-21 21:33:34,436 INFO  [Test_1] Clicked on 'Previous' button/link 
2020-04-21 21:33:45,597 INFO  [Test_1] Website opened successfully 
2020-04-21 21:33:46,154 INFO  [Test_1] Clicked on 'Magnifying glass' Menu 
2020-04-21 21:33:48,489 INFO  [Test_1] Enter 'Single Page Applications' in text box 
2020-04-21 21:33:49,316 INFO  [Test_1] Checking Search results 
2020-04-21 22:51:56,694 INFO  [Test_1] Website opened successfully 
2020-04-21 22:51:57,280 INFO  [Test_1] Clicked on 'HamBurger' Menu 
2020-04-21 22:51:59,091 INFO  [Test_1] Clicked on 'Contact us' Menu 
2020-04-21 22:51:59,229 INFO  [Test_1] Checking 'PWC','Digital Plus','CareerAT','General' Tabs 
2020-04-21 22:52:08,579 INFO  [Test_1] Website opened successfully 
2020-04-21 22:52:09,112 INFO  [Test_1] Checking Carousel is dispalyed 
2020-04-21 22:52:09,963 INFO  [Test_1] Clicked on 'Next' button/link 
2020-04-21 22:52:10,949 INFO  [Test_1] Clicked on 'Previous' button/link 
2020-04-21 22:52:18,804 INFO  [Test_1] Website opened successfully 
2020-04-21 22:52:19,597 INFO  [Test_1] Clicked on 'Magnifying glass' Menu 
2020-04-21 22:52:20,922 INFO  [Test_1] Enter 'Single Page Applications' in text box 
2020-04-21 22:52:21,760 INFO  [Test_1] Checking Search results 
2020-04-22 19:55:10,447 INFO  [Test_1] Website opened successfully 
2020-04-22 19:55:11,102 INFO  [Test_1] Clicked on 'HamBurger' Menu 
2020-04-22 19:55:14,859 INFO  [Test_1] Clicked on 'Contact us' Menu 
2020-04-22 19:55:14,981 INFO  [Test_1] Checking 'PWC','Digital Plus','CareerAT','General' Tabs 
2020-04-22 19:55:24,141 INFO  [Test_1] Website opened successfully 
2020-04-22 19:55:25,078 INFO  [Test_1] Checking Carousel is dispalyed 
2020-04-22 19:55:26,024 INFO  [Test_1] Clicked on 'Next' button/link 
2020-04-22 19:55:26,988 INFO  [Test_1] Clicked on 'Previous' button/link 
2020-04-22 19:55:37,043 INFO  [Test_1] Website opened successfully 
2020-04-22 19:55:37,701 INFO  [Test_1] Clicked on 'Magnifying glass' Menu 
2020-04-22 19:55:39,495 INFO  [Test_1] Enter 'Single Page Applications' in text box 
2020-04-22 19:55:40,367 INFO  [Test_1] Checking Search results 
2020-04-22 21:54:18,440 INFO  [Test_1] Website opened successfully 
2020-04-22 21:54:19,026 INFO  [Test_1] Clicked on 'HamBurger' Menu 
2020-04-22 21:54:23,071 INFO  [Test_1] Clicked on 'Contact us' Menu 
2020-04-22 21:54:23,206 INFO  [Test_1] Checking 'PWC','Digital Plus','CareerAT','General' Tabs 
2020-04-22 21:54:32,709 INFO  [Test_1] Website opened successfully 
2020-04-22 21:54:33,241 INFO  [Test_1] Checking Carousel is dispalyed 
2020-04-22 21:54:34,087 INFO  [Test_1] Clicked on 'Next' button/link 
2020-04-22 21:54:34,926 INFO  [Test_1] Clicked on 'Previous' button/link 
2020-04-22 21:54:42,995 INFO  [Test_1] Website opened successfully 
2020-04-22 21:54:43,609 INFO  [Test_1] Clicked on 'Magnifying glass' Menu 
2020-04-22 21:54:45,799 INFO  [Test_1] Enter 'Single Page Applications' in text box 
2020-04-22 21:54:46,618 INFO  [Test_1] Checking Search results 
2020-04-22 21:58:46,899 INFO  [Test_1] Website opened successfully 
2020-04-22 21:58:47,508 INFO  [Test_1] Clicked on 'HamBurger' Menu 
2020-04-22 21:58:49,657 INFO  [Test_1] Clicked on 'Contact us' Menu 
2020-04-22 21:58:49,788 INFO  [Test_1] Checking 'PWC','Digital Plus','CareerAT','General' Tabs 
2020-04-22 21:58:59,180 INFO  [Test_1] Website opened successfully 
2020-04-22 21:58:59,694 INFO  [Test_1] Checking Carousel is dispalyed 
2020-04-22 21:59:00,493 INFO  [Test_1] Clicked on 'Next' button/link 
2020-04-22 21:59:01,291 INFO  [Test_1] Clicked on 'Previous' button/link 
2020-04-22 21:59:11,105 INFO  [Test_1] Website opened successfully 
2020-04-22 21:59:11,686 INFO  [Test_1] Clicked on 'Magnifying glass' Menu 
2020-04-22 21:59:13,019 INFO  [Test_1] Enter 'Single Page Applications' in text box 
2020-04-22 21:59:13,912 INFO  [Test_1] Checking Search results 
2020-04-23 19:25:57,560 INFO  [Test_1] Website opened successfully 
2020-04-23 19:25:58,510 INFO  [Test_1] Clicked on 'HamBurger' Menu 
2020-04-23 19:26:00,289 INFO  [Test_1] Clicked on 'Contact us' Menu 
2020-04-23 19:26:00,412 INFO  [Test_1] Checking 'PWC','Digital Plus','CareerAT','General' Tabs 
2020-04-23 19:26:09,388 INFO  [Test_1] Website opened successfully 
2020-04-23 19:26:09,853 INFO  [Test_1] Checking Carousel is dispalyed 
2020-04-23 19:26:10,661 INFO  [Test_1] Clicked on 'Next' button/link 
2020-04-23 19:26:11,488 INFO  [Test_1] Clicked on 'Previous' button/link 
2020-04-23 19:26:21,228 INFO  [Test_1] Website opened successfully 
2020-04-23 19:26:21,770 INFO  [Test_1] Clicked on 'Magnifying glass' Menu 
2020-04-23 19:26:23,571 INFO  [Test_1] Enter 'Single Page Applications' in text box 
2020-04-23 19:26:24,396 INFO  [Test_1] Checking Search results 
2020-04-23 19:30:11,917 INFO  [Test_1] Website opened successfully 
2020-04-23 19:30:12,641 INFO  [Test_1] Clicked on 'HamBurger' Menu 
2020-04-23 19:30:14,403 INFO  [Test_1] Clicked on 'Contact us' Menu 
2020-04-23 19:30:14,547 INFO  [Test_1] Checking 'PWC','Digital Plus','CareerAT','General' Tabs 
2020-04-23 19:30:23,703 INFO  [Test_1] Website opened successfully 
2020-04-23 19:30:24,248 INFO  [Test_1] Checking Carousel is dispalyed 
2020-04-23 19:30:25,028 INFO  [Test_1] Clicked on 'Next' button/link 
2020-04-23 19:30:25,851 INFO  [Test_1] Clicked on 'Previous' button/link 
2020-04-23 19:30:35,493 INFO  [Test_1] Website opened successfully 
2020-04-23 19:30:36,378 INFO  [Test_1] Clicked on 'Magnifying glass' Menu 
2020-04-23 19:30:37,861 INFO  [Test_1] Enter 'Single Page Applications' in text box 
2020-04-23 19:30:38,743 INFO  [Test_1] Checking Search results 
2020-04-23 19:46:29,518 INFO  [Test_1] Website opened successfully 
2020-04-23 19:46:30,143 INFO  [Test_1] Clicked on 'HamBurger' Menu 
2020-04-23 19:46:31,527 INFO  [Test_1] Clicked on 'Contact us' Menu 
2020-04-23 19:46:31,744 INFO  [Test_1] Checking 'PWC','Digital Plus','CareerAT','General' Tabs 
2020-04-23 19:46:41,598 INFO  [Test_1] Website opened successfully 
2020-04-23 19:46:42,093 INFO  [Test_1] Checking Carousel is dispalyed 
2020-04-23 19:46:42,876 INFO  [Test_1] Clicked on 'Next' button/link 
2020-04-23 19:46:43,676 INFO  [Test_1] Clicked on 'Previous' button/link 
2020-04-23 19:46:53,564 INFO  [Test_1] Website opened successfully 
2020-04-23 19:46:54,188 INFO  [Test_1] Clicked on 'Magnifying glass' Menu 
2020-04-23 19:46:55,785 INFO  [Test_1] Enter 'Single Page Applications' in text box 
2020-04-23 19:46:56,609 INFO  [Test_1] Checking Search results 
2020-04-23 20:08:27,645 INFO  [Test_1] Website opened successfully 
2020-04-23 20:08:28,595 INFO  [Test_1] Clicked on 'HamBurger' Menu 
2020-04-23 20:08:30,034 INFO  [Test_1] Clicked on 'Contact us' Menu 
2020-04-23 20:08:30,187 INFO  [Test_1] Checking 'PWC','Digital Plus','CareerAT','General' Tabs 
2020-04-23 20:08:39,339 INFO  [Test_1] Website opened successfully 
2020-04-23 20:08:39,811 INFO  [Test_1] Checking Carousel is dispalyed 
2020-04-23 20:08:40,659 INFO  [Test_1] Clicked on 'Next' button/link 
2020-04-23 20:08:41,538 INFO  [Test_1] Clicked on 'Previous' button/link 
2020-04-23 20:08:51,232 INFO  [Test_1] Website opened successfully 
2020-04-23 20:08:51,895 INFO  [Test_1] Clicked on 'Magnifying glass' Menu 
2020-04-23 20:08:53,482 INFO  [Test_1] Enter 'Single Page Applications' in text box 
2020-04-23 20:08:54,333 INFO  [Test_1] Checking Search results 
2020-04-23 20:44:07,928 INFO  [Test_1] Website opened successfully 
2020-04-23 20:44:08,586 INFO  [Test_1] Clicked on 'HamBurger' Menu 
2020-04-23 20:44:14,383 INFO  [Test_1] Clicked on 'Contact us' Menu 
2020-04-23 20:44:14,535 INFO  [Test_1] Checking 'PWC','Digital Plus','CareerAT','General' Tabs 
2020-04-23 20:44:25,471 INFO  [Test_1] Website opened successfully 
2020-04-23 20:44:26,030 INFO  [Test_1] Checking Carousel is dispalyed 
2020-04-23 20:44:26,904 INFO  [Test_1] Clicked on 'Next' button/link 
2020-04-23 20:44:27,718 INFO  [Test_1] Clicked on 'Previous' button/link 
2020-04-23 20:44:37,389 INFO  [Test_1] Website opened successfully 
2020-04-23 20:44:38,002 INFO  [Test_1] Clicked on 'Magnifying glass' Menu 
2020-04-23 20:44:39,470 INFO  [Test_1] Enter 'Single Page Applications' in text box 
2020-04-23 20:44:40,404 INFO  [Test_1] Checking Search results 
2020-04-23 20:46:57,025 INFO  [Test_1] Website opened successfully 
2020-04-23 20:46:57,635 INFO  [Test_1] Clicked on 'HamBurger' Menu 
2020-04-23 20:46:59,472 INFO  [Test_1] Clicked on 'Contact us' Menu 
2020-04-23 20:46:59,592 INFO  [Test_1] Checking 'PWC','Digital Plus','CareerAT','General' Tabs 
2020-04-23 20:47:07,915 INFO  [Test_1] Website opened successfully 
2020-04-23 20:47:08,466 INFO  [Test_1] Checking Carousel is dispalyed 
2020-04-23 20:47:09,301 INFO  [Test_1] Clicked on 'Next' button/link 
2020-04-23 20:47:10,137 INFO  [Test_1] Clicked on 'Previous' button/link 
2020-04-23 20:47:19,733 INFO  [Test_1] Website opened successfully 
2020-04-23 20:47:20,573 INFO  [Test_1] Clicked on 'Magnifying glass' Menu 
2020-04-23 20:47:22,027 INFO  [Test_1] Enter 'Single Page Applications' in text box 
2020-04-23 20:47:22,852 INFO  [Test_1] Checking Search results 
2020-04-23 21:01:21,636 INFO  [Test_1] Website opened successfully 
2020-04-23 21:01:22,229 INFO  [Test_1] Clicked on 'HamBurger' Menu 
2020-04-23 21:01:23,617 INFO  [Test_1] Clicked on 'Contact us' Menu 
2020-04-23 21:01:23,781 INFO  [Test_1] Checking 'PWC','Digital Plus','CareerAT','General' Tabs 
2020-04-23 21:01:31,287 INFO  [Test_1] Website opened successfully 
2020-04-23 21:01:31,876 INFO  [Test_1] Checking Carousel is dispalyed 
2020-04-23 21:01:32,683 INFO  [Test_1] Clicked on 'Next' button/link 
2020-04-23 21:01:33,520 INFO  [Test_1] Clicked on 'Previous' button/link 
2020-04-23 21:01:43,580 INFO  [Test_1] Website opened successfully 
2020-04-23 21:01:44,172 INFO  [Test_1] Clicked on 'Magnifying glass' Menu 
2020-04-23 21:01:45,909 INFO  [Test_1] Enter 'Single Page Applications' in text box 
2020-04-23 21:01:46,785 INFO  [Test_1] Checking Search results 
2020-04-23 21:04:37,809 INFO  [Test_1] Website opened successfully 
2020-04-23 21:04:38,470 INFO  [Test_1] Clicked on 'HamBurger' Menu 
2020-04-23 21:04:39,866 INFO  [Test_1] Clicked on 'Contact us' Menu 
2020-04-23 21:04:40,017 INFO  [Test_1] Checking 'PWC','Digital Plus','CareerAT','General' Tabs 
2020-04-23 21:04:49,637 INFO  [Test_1] Website opened successfully 
2020-04-23 21:04:50,229 INFO  [Test_1] Checking Carousel is dispalyed 
2020-04-23 21:04:51,052 INFO  [Test_1] Clicked on 'Next' button/link 
2020-04-23 21:04:51,950 INFO  [Test_1] Clicked on 'Previous' button/link 
2020-04-23 21:05:02,233 INFO  [Test_1] Website opened successfully 
2020-04-23 21:05:02,833 INFO  [Test_1] Clicked on 'Magnifying glass' Menu 
2020-04-23 21:05:04,328 INFO  [Test_1] Enter 'Single Page Applications' in text box 
2020-04-23 21:05:05,171 INFO  [Test_1] Checking Search results 
2020-04-24 20:36:12,702 INFO  [Test_1] Website opened successfully 
2020-04-24 20:36:13,289 INFO  [Test_1] Clicked on 'HamBurger' Menu 
2020-04-24 20:36:15,408 INFO  [Test_1] Clicked on 'Contact us' Menu 
2020-04-24 20:36:15,531 INFO  [Test_1] Checking 'PWC','Digital Plus','CareerAT','General' Tabs 
2020-04-24 20:36:27,300 INFO  [Test_1] Website opened successfully 
2020-04-24 20:36:27,819 INFO  [Test_1] Checking Carousel is dispalyed 
2020-04-24 20:36:28,618 INFO  [Test_1] Clicked on 'Next' button/link 
2020-04-24 20:36:29,553 INFO  [Test_1] Clicked on 'Previous' button/link 
2020-04-24 20:36:41,419 INFO  [Test_1] Website opened successfully 
2020-04-24 20:36:42,076 INFO  [Test_1] Clicked on 'Magnifying glass' Menu 
2020-04-24 20:36:44,042 INFO  [Test_1] Enter 'Single Page Applications' in text box 
2020-04-24 20:36:44,873 INFO  [Test_1] Checking Search results 
2020-04-24 20:53:58,535 INFO  [Test_1] Website opened successfully 
2020-04-24 20:53:59,102 INFO  [Test_1] Clicked on 'HamBurger' Menu 
2020-04-24 20:54:00,593 INFO  [Test_1] Clicked on 'Contact us' Menu 
2020-04-24 20:54:00,725 INFO  [Test_1] Checking 'PWC','Digital Plus','CareerAT','General' Tabs 
2020-04-24 20:54:07,915 INFO  [Test_1] Website opened successfully 
2020-04-24 20:54:08,399 INFO  [Test_1] Checking Carousel is dispalyed 
2020-04-24 20:54:09,246 INFO  [Test_1] Clicked on 'Next' button/link 
2020-04-24 20:54:10,177 INFO  [Test_1] Clicked on 'Previous' button/link 
2020-04-24 20:54:21,750 INFO  [Test_1] Website opened successfully 
2020-04-24 20:54:22,348 INFO  [Test_1] Clicked on 'Magnifying glass' Menu 
2020-04-24 20:54:24,298 INFO  [Test_1] Enter 'Single Page Applications' in text box 
2020-04-24 20:54:25,156 INFO  [Test_1] Checking Search results 
2020-04-24 21:49:12,837 INFO  [Test_1] Website opened successfully 
2020-04-24 21:49:13,610 INFO  [Test_1] Clicked on 'HamBurger' Menu 
2020-04-24 21:49:18,510 INFO  [Test_1] Clicked on 'Contact us' Menu 
2020-04-24 21:49:18,662 INFO  [Test_1] Checking 'PWC','Digital Plus','CareerAT','General' Tabs 
2020-04-24 21:49:28,549 INFO  [Test_1] Website opened successfully 
2020-04-24 21:49:29,340 INFO  [Test_1] Checking Carousel is dispalyed 
2020-04-24 21:49:30,165 INFO  [Test_1] Clicked on 'Next' button/link 
2020-04-24 21:49:31,035 INFO  [Test_1] Clicked on 'Previous' button/link 
2020-04-24 21:49:43,324 INFO  [Test_1] Website opened successfully 
2020-04-24 21:49:44,013 INFO  [Test_1] Clicked on 'Magnifying glass' Menu 
2020-04-24 21:49:45,640 INFO  [Test_1] Enter 'Single Page Applications' in text box 
2020-04-24 21:49:46,502 INFO  [Test_1] Checking Search results 
2020-04-24 21:51:27,504 INFO  [Test_1] Website opened successfully 
2020-04-24 21:51:28,118 INFO  [Test_1] Clicked on 'HamBurger' Menu 
2020-04-24 21:51:30,441 INFO  [Test_1] Clicked on 'Contact us' Menu 
2020-04-24 21:51:30,581 INFO  [Test_1] Checking 'PWC','Digital Plus','CareerAT','General' Tabs 
2020-04-24 21:51:41,436 INFO  [Test_1] Website opened successfully 
2020-04-24 21:51:42,253 INFO  [Test_1] Checking Carousel is dispalyed 
2020-04-24 21:51:43,048 INFO  [Test_1] Clicked on 'Next' button/link 
2020-04-24 21:51:44,177 INFO  [Test_1] Clicked on 'Previous' button/link 
2020-04-24 21:51:55,787 INFO  [Test_1] Website opened successfully 
2020-04-24 21:51:56,360 INFO  [Test_1] Clicked on 'Magnifying glass' Menu 
2020-04-24 21:51:58,076 INFO  [Test_1] Enter 'Single Page Applications' in text box 
2020-04-24 21:51:58,927 INFO  [Test_1] Checking Search results 
2020-04-24 21:55:02,600 INFO  [Test_1] Website opened successfully 
2020-04-24 21:55:03,235 INFO  [Test_1] Clicked on 'HamBurger' Menu 
2020-04-24 21:55:04,694 INFO  [Test_1] Clicked on 'Contact us' Menu 
2020-04-24 21:55:04,825 INFO  [Test_1] Checking 'PWC','Digital Plus','CareerAT','General' Tabs 
2020-04-24 21:55:14,392 INFO  [Test_1] Website opened successfully 
2020-04-24 21:55:14,946 INFO  [Test_1] Checking Carousel is dispalyed 
2020-04-24 21:55:15,706 INFO  [Test_1] Clicked on 'Next' button/link 
2020-04-24 21:55:16,497 INFO  [Test_1] Clicked on 'Previous' button/link 
2020-04-24 21:55:25,937 INFO  [Test_1] Website opened successfully 
2020-04-24 21:55:26,588 INFO  [Test_1] Clicked on 'Magnifying glass' Menu 
2020-04-24 21:55:28,258 INFO  [Test_1] Enter 'Single Page Applications' in text box 
2020-04-24 21:55:29,175 INFO  [Test_1] Checking Search results 
2020-04-24 21:55:38,267 INFO  [Test_1] Website opened successfully 
2020-04-24 21:55:39,057 INFO  [Test_1] Clicked on 'HamBurger' Menu 
2020-04-24 21:55:40,467 INFO  [Test_1] Clicked on 'Contact us' Menu 
2020-04-24 21:55:40,609 INFO  [Test_1] Checking 'PWC','Digital Plus','CareerAT','General' Tabs 
2020-04-24 22:02:31,776 INFO  [Test_1] Website opened successfully 
2020-04-24 22:02:32,408 INFO  [Test_1] Clicked on 'HamBurger' Menu 
2020-04-24 22:02:34,083 INFO  [Test_1] Clicked on 'Contact us' Menu 
2020-04-24 22:02:34,209 INFO  [Test_1] Checking 'PWC','Digital Plus','CareerAT','General' Tabs 
2020-04-24 22:02:44,519 INFO  [Test_1] Website opened successfully 
2020-04-24 22:02:45,352 INFO  [Test_1] Checking Carousel is dispalyed 
2020-04-24 22:02:46,128 INFO  [Test_1] Clicked on 'Next' button/link 
2020-04-24 22:02:47,005 INFO  [Test_1] Clicked on 'Previous' button/link 
2020-04-24 22:03:01,472 INFO  [Test_1] Website opened successfully 
2020-04-24 22:03:02,060 INFO  [Test_1] Clicked on 'Magnifying glass' Menu 
2020-04-24 22:03:03,635 INFO  [Test_1] Enter 'Single Page Applications' in text box 
2020-04-24 22:03:04,503 INFO  [Test_1] Checking Search results 
2020-04-24 22:03:13,392 INFO  [Test_1] Website opened successfully 
2020-04-24 22:03:14,018 INFO  [Test_1] Clicked on 'HamBurger' Menu 
2020-04-24 22:03:15,548 INFO  [Test_1] Clicked on 'Contact us' Menu 
2020-04-24 22:03:15,690 INFO  [Test_1] Checking 'PWC','Digital Plus','CareerAT','General' Tabs 
2020-04-24 22:07:26,955 INFO  [Test_1] Website opened successfully 
2020-04-24 22:07:27,588 INFO  [Test_1] Clicked on 'HamBurger' Menu 
2020-04-24 22:07:29,236 INFO  [Test_1] Clicked on 'Contact us' Menu 
2020-04-24 22:07:29,356 INFO  [Test_1] Checking 'PWC','Digital Plus','CareerAT','General' Tabs 
2020-04-24 22:07:42,548 INFO  [Test_1] Website opened successfully 
2020-04-24 22:07:43,002 INFO  [Test_1] Checking Carousel is dispalyed 
2020-04-24 22:07:43,854 INFO  [Test_1] Clicked on 'Next' button/link 
2020-04-24 22:07:44,746 INFO  [Test_1] Clicked on 'Previous' button/link 
2020-04-24 22:07:54,643 INFO  [Test_1] Website opened successfully 
2020-04-24 22:07:55,192 INFO  [Test_1] Clicked on 'Magnifying glass' Menu 
2020-04-24 22:07:57,420 INFO  [Test_1] Enter 'Single Page Applications' in text box 
2020-04-24 22:07:58,232 INFO  [Test_1] Checking Search results 
2020-04-24 22:11:37,245 INFO  [Test_1] Website opened successfully 
2020-04-24 22:11:37,952 INFO  [Test_1] Clicked on 'HamBurger' Menu 
2020-04-24 22:11:39,711 INFO  [Test_1] Clicked on 'Contact us' Menu 
2020-04-24 22:11:39,846 INFO  [Test_1] Checking 'PWC','Digital Plus','CareerAT','General' Tabs 
2020-04-24 22:11:48,627 INFO  [Test_1] Website opened successfully 
2020-04-24 22:11:49,127 INFO  [Test_1] Checking Carousel is dispalyed 
2020-04-24 22:11:50,109 INFO  [Test_1] Clicked on 'Next' button/link 
2020-04-24 22:11:51,087 INFO  [Test_1] Clicked on 'Previous' button/link 
2020-04-24 22:12:17,668 INFO  [Test_1] Website opened successfully 
2020-04-24 22:12:18,236 INFO  [Test_1] Clicked on 'Magnifying glass' Menu 
2020-04-24 22:12:33,625 INFO  [Test_1] Enter 'Single Page Applications' in text box 
2020-04-24 22:12:34,443 INFO  [Test_1] Checking Search results 
2020-04-24 22:14:14,561 INFO  [Test_1] Website opened successfully 
2020-04-24 22:14:15,221 INFO  [Test_1] Clicked on 'HamBurger' Menu 
2020-04-24 22:14:16,682 INFO  [Test_1] Clicked on 'Contact us' Menu 
2020-04-24 22:14:16,820 INFO  [Test_1] Checking 'PWC','Digital Plus','CareerAT','General' Tabs 
2020-04-24 22:14:26,213 INFO  [Test_1] Website opened successfully 
2020-04-24 22:14:27,042 INFO  [Test_1] Checking Carousel is dispalyed 
2020-04-24 22:14:27,840 INFO  [Test_1] Clicked on 'Next' button/link 
2020-04-24 22:14:28,618 INFO  [Test_1] Clicked on 'Previous' button/link 
2020-04-24 22:14:38,932 INFO  [Test_1] Website opened successfully 
2020-04-24 22:14:39,845 INFO  [Test_1] Clicked on 'Magnifying glass' Menu 
2020-04-24 22:14:41,234 INFO  [Test_1] Enter 'Single Page Applications' in text box 
2020-04-24 22:14:42,061 INFO  [Test_1] Checking Search results 
2020-04-24 22:18:53,167 INFO  [Test_1] Website opened successfully 
2020-04-24 22:18:53,763 INFO  [Test_1] Clicked on 'HamBurger' Menu 
2020-04-24 22:18:55,201 INFO  [Test_1] Clicked on 'Contact us' Menu 
2020-04-24 22:18:55,323 INFO  [Test_1] Checking 'PWC','Digital Plus','CareerAT','General' Tabs 
2020-04-24 22:19:03,224 INFO  [Test_1] Website opened successfully 
2020-04-24 22:19:03,712 INFO  [Test_1] Checking Carousel is dispalyed 
2020-04-24 22:19:04,527 INFO  [Test_1] Clicked on 'Next' button/link 
2020-04-24 22:19:05,519 INFO  [Test_1] Clicked on 'Previous' button/link 
2020-04-24 22:19:20,592 INFO  [Test_1] Website opened successfully 
2020-04-24 22:19:21,172 INFO  [Test_1] Clicked on 'Magnifying glass' Menu 
2020-04-24 22:19:23,149 INFO  [Test_1] Enter 'Single Page Applications' in text box 
2020-04-24 22:19:24,033 INFO  [Test_1] Checking Search results 
2020-04-24 22:20:28,633 INFO  [Test_1] Website opened successfully 
2020-04-24 22:20:29,346 INFO  [Test_1] Clicked on 'HamBurger' Menu 
2020-04-24 22:20:30,919 INFO  [Test_1] Clicked on 'Contact us' Menu 
2020-04-24 22:20:31,079 INFO  [Test_1] Checking 'PWC','Digital Plus','CareerAT','General' Tabs 
2020-04-24 22:20:41,791 INFO  [Test_1] Website opened successfully 
2020-04-24 22:20:42,330 INFO  [Test_1] Checking Carousel is dispalyed 
2020-04-24 22:20:43,219 INFO  [Test_1] Clicked on 'Next' button/link 
2020-04-24 22:20:44,111 INFO  [Test_1] Clicked on 'Previous' button/link 
2020-04-24 22:20:54,005 INFO  [Test_1] Website opened successfully 
2020-04-24 22:20:54,617 INFO  [Test_1] Clicked on 'Magnifying glass' Menu 
2020-04-24 22:20:56,713 INFO  [Test_1] Enter 'Single Page Applications' in text box 
2020-04-24 22:20:57,574 INFO  [Test_1] Checking Search results 
2020-04-24 22:22:33,406 INFO  [Test_1] Website opened successfully 
2020-04-24 22:22:34,563 INFO  [Test_1] Clicked on 'HamBurger' Menu 
2020-04-24 22:22:36,716 INFO  [Test_1] Clicked on 'Contact us' Menu 
2020-04-24 22:22:36,871 INFO  [Test_1] Checking 'PWC','Digital Plus','CareerAT','General' Tabs 
2020-04-24 22:22:46,869 INFO  [Test_1] Website opened successfully 
2020-04-24 22:22:47,408 INFO  [Test_1] Checking Carousel is dispalyed 
2020-04-24 22:22:48,218 INFO  [Test_1] Clicked on 'Next' button/link 
2020-04-24 22:22:49,051 INFO  [Test_1] Clicked on 'Previous' button/link 
2020-04-24 22:22:58,883 INFO  [Test_1] Website opened successfully 
2020-04-24 22:22:59,440 INFO  [Test_1] Clicked on 'Magnifying glass' Menu 
2020-04-24 22:23:00,909 INFO  [Test_1] Enter 'Single Page Applications' in text box 
2020-04-24 22:23:01,784 INFO  [Test_1] Checking Search results 
2020-04-24 22:25:51,455 INFO  [Test_1] Website opened successfully 
2020-04-24 22:25:52,151 INFO  [Test_1] Clicked on 'HamBurger' Menu 
2020-04-24 22:25:53,854 INFO  [Test_1] Clicked on 'Contact us' Menu 
2020-04-24 22:25:53,978 INFO  [Test_1] Checking 'PWC','Digital Plus','CareerAT','General' Tabs 
2020-04-24 22:26:03,773 INFO  [Test_1] Website opened successfully 
2020-04-24 22:26:04,246 INFO  [Test_1] Checking Carousel is dispalyed 
2020-04-24 22:26:05,038 INFO  [Test_1] Clicked on 'Next' button/link 
2020-04-24 22:26:05,819 INFO  [Test_1] Clicked on 'Previous' button/link 
2020-04-24 22:26:15,819 INFO  [Test_1] Website opened successfully 
2020-04-24 22:26:16,455 INFO  [Test_1] Clicked on 'Magnifying glass' Menu 
2020-04-24 22:26:17,985 INFO  [Test_1] Enter 'Single Page Applications' in text box 
2020-04-24 22:26:18,816 INFO  [Test_1] Checking Search results 
2020-04-24 22:31:50,284 INFO  [Test_1] Website opened successfully 
2020-04-24 22:31:51,144 INFO  [Test_1] Clicked on 'HamBurger' Menu 
2020-04-24 22:31:53,198 INFO  [Test_1] Clicked on 'Contact us' Menu 
2020-04-24 22:31:53,352 INFO  [Test_1] Checking 'PWC','Digital Plus','CareerAT','General' Tabs 
2020-04-24 22:32:03,690 INFO  [Test_1] Website opened successfully 
2020-04-24 22:32:04,229 INFO  [Test_1] Checking Carousel is dispalyed 
2020-04-24 22:32:05,064 INFO  [Test_1] Clicked on 'Next' button/link 
2020-04-24 22:32:05,881 INFO  [Test_1] Clicked on 'Previous' button/link 
2020-04-24 22:32:16,086 INFO  [Test_1] Website opened successfully 
2020-04-24 22:32:16,686 INFO  [Test_1] Clicked on 'Magnifying glass' Menu 
2020-04-24 22:32:18,427 INFO  [Test_1] Enter 'Single Page Applications' in text box 
2020-04-24 22:32:19,265 INFO  [Test_1] Checking Search results 
2020-04-24 22:33:33,086 INFO  [Test_1] Website opened successfully 
2020-04-24 22:33:34,085 INFO  [Test_1] Clicked on 'HamBurger' Menu 
2020-04-24 22:33:35,622 INFO  [Test_1] Clicked on 'Contact us' Menu 
2020-04-24 22:33:35,759 INFO  [Test_1] Checking 'PWC','Digital Plus','CareerAT','General' Tabs 
2020-04-24 22:33:48,227 INFO  [Test_1] Website opened successfully 
2020-04-24 22:33:48,762 INFO  [Test_1] Checking Carousel is dispalyed 
2020-04-24 22:33:49,582 INFO  [Test_1] Clicked on 'Next' button/link 
2020-04-24 22:33:50,475 INFO  [Test_1] Clicked on 'Previous' button/link 
2020-04-24 22:34:00,608 INFO  [Test_1] Website opened successfully 
2020-04-24 22:34:01,231 INFO  [Test_1] Clicked on 'Magnifying glass' Menu 
2020-04-24 22:34:03,313 INFO  [Test_1] Enter 'Single Page Applications' in text box 
2020-04-24 22:34:04,160 INFO  [Test_1] Checking Search results 
2020-04-24 23:09:34,040 INFO  [Test_1] Website opened successfully 
2020-04-24 23:09:34,691 INFO  [Test_1] Clicked on 'HamBurger' Menu 
2020-04-24 23:09:36,641 INFO  [Test_1] Clicked on 'Contact us' Menu 
2020-04-24 23:09:36,763 INFO  [Test_1] Checking 'PWC','Digital Plus','CareerAT','General' Tabs 
2020-04-24 23:09:51,962 INFO  [Test_1] Website opened successfully 
2020-04-24 23:09:52,489 INFO  [Test_1] Checking Carousel is dispalyed 
2020-04-24 23:09:53,304 INFO  [Test_1] Clicked on 'Next' button/link 
2020-04-24 23:09:54,091 INFO  [Test_1] Clicked on 'Previous' button/link 
2020-04-24 23:10:03,924 INFO  [Test_1] Website opened successfully 
2020-04-24 23:10:04,526 INFO  [Test_1] Clicked on 'Magnifying glass' Menu 
2020-04-24 23:10:06,651 INFO  [Test_1] Enter 'Single Page Applications' in text box 
2020-04-24 23:10:07,503 INFO  [Test_1] Checking Search results 
2020-04-24 23:11:16,442 INFO  [Test_1] Website opened successfully 
2020-04-24 23:11:17,165 INFO  [Test_1] Clicked on 'HamBurger' Menu 
2020-04-24 23:11:18,509 INFO  [Test_1] Clicked on 'Contact us' Menu 
2020-04-24 23:11:18,638 INFO  [Test_1] Checking 'PWC','Digital Plus','CareerAT','General' Tabs 
2020-04-24 23:11:26,352 INFO  [Test_1] Website opened successfully 
2020-04-24 23:11:26,885 INFO  [Test_1] Checking Carousel is dispalyed 
2020-04-24 23:11:27,643 INFO  [Test_1] Clicked on 'Next' button/link 
2020-04-24 23:11:28,410 INFO  [Test_1] Clicked on 'Previous' button/link 
2020-04-24 23:11:39,629 INFO  [Test_1] Website opened successfully 
2020-04-24 23:11:40,252 INFO  [Test_1] Clicked on 'Magnifying glass' Menu 
2020-04-24 23:11:42,672 INFO  [Test_1] Enter 'Single Page Applications' in text box 
2020-04-24 23:11:43,491 INFO  [Test_1] Checking Search results 
2020-04-24 23:13:22,057 INFO  [Test_1] Website opened successfully 
2020-04-24 23:13:22,707 INFO  [Test_1] Clicked on 'HamBurger' Menu 
2020-04-24 23:13:24,182 INFO  [Test_1] Clicked on 'Contact us' Menu 
2020-04-24 23:13:24,317 INFO  [Test_1] Checking 'PWC','Digital Plus','CareerAT','General' Tabs 
2020-04-24 23:13:33,334 INFO  [Test_1] Website opened successfully 
2020-04-24 23:13:33,860 INFO  [Test_1] Checking Carousel is dispalyed 
2020-04-24 23:13:34,654 INFO  [Test_1] Clicked on 'Next' button/link 
2020-04-24 23:13:35,522 INFO  [Test_1] Clicked on 'Previous' button/link 
2020-04-24 23:13:45,234 INFO  [Test_1] Website opened successfully 
2020-04-24 23:13:45,818 INFO  [Test_1] Clicked on 'Magnifying glass' Menu 
2020-04-24 23:13:47,432 INFO  [Test_1] Enter 'Single Page Applications' in text box 
2020-04-24 23:13:48,267 INFO  [Test_1] Checking Search results 
2020-04-24 23:14:22,081 INFO  [Test_1] Website opened successfully 
2020-04-24 23:14:22,744 INFO  [Test_1] Clicked on 'HamBurger' Menu 
2020-04-24 23:14:24,247 INFO  [Test_1] Clicked on 'Contact us' Menu 
2020-04-24 23:14:24,390 INFO  [Test_1] Checking 'PWC','Digital Plus','CareerAT','General' Tabs 
2020-04-24 23:14:33,797 INFO  [Test_1] Website opened successfully 
2020-04-24 23:14:34,345 INFO  [Test_1] Checking Carousel is dispalyed 
2020-04-24 23:14:35,162 INFO  [Test_1] Clicked on 'Next' button/link 
2020-04-24 23:14:36,097 INFO  [Test_1] Clicked on 'Previous' button/link 
2020-04-24 23:14:45,918 INFO  [Test_1] Website opened successfully 
2020-04-24 23:14:46,780 INFO  [Test_1] Clicked on 'Magnifying glass' Menu 
2020-04-24 23:14:48,523 INFO  [Test_1] Enter 'Single Page Applications' in text box 
2020-04-24 23:14:49,376 INFO  [Test_1] Checking Search results 
2020-04-25 10:34:18,121 INFO  [Test_1] Website opened successfully 
2020-04-25 10:34:18,747 INFO  [Test_1] Clicked on 'HamBurger' Menu 
2020-04-25 10:34:20,541 INFO  [Test_1] Clicked on 'Contact us' Menu 
2020-04-25 10:34:20,751 INFO  [Test_1] Checking 'PWC','Digital Plus','CareerAT','General' Tabs 
2020-04-25 10:34:29,871 INFO  [Test_1] Website opened successfully 
2020-04-25 10:34:30,353 INFO  [Test_1] Checking Carousel is dispalyed 
2020-04-25 10:34:31,140 INFO  [Test_1] Clicked on 'Next' button/link 
2020-04-25 10:34:31,974 INFO  [Test_1] Clicked on 'Previous' button/link 
2020-04-25 10:34:43,191 INFO  [Test_1] Website opened successfully 
2020-04-25 10:34:43,720 INFO  [Test_1] Clicked on 'Magnifying glass' Menu 
2020-04-25 10:34:48,812 INFO  [Test_1] Enter 'Single Page Applications' in text box 
2020-04-25 10:34:49,625 INFO  [Test_1] Checking Search results 
2020-04-25 19:24:55,852 INFO  [Test_1] Website opened successfully 
2020-04-25 19:24:57,031 INFO  [Test_1] Clicked on 'HamBurger' Menu 
2020-04-25 19:24:59,039 INFO  [Test_1] Clicked on 'Contact us' Menu 
2020-04-25 19:24:59,235 INFO  [Test_1] Checking 'PWC','Digital Plus','CareerAT','General' Tabs 
2020-04-25 19:25:09,123 INFO  [Test_1] Website opened successfully 
2020-04-25 19:25:09,604 INFO  [Test_1] Checking Carousel is dispalyed 
2020-04-25 19:25:10,419 INFO  [Test_1] Clicked on 'Next' button/link 
2020-04-25 19:25:11,356 INFO  [Test_1] Clicked on 'Previous' button/link 
2020-04-25 19:25:21,854 INFO  [Test_1] Website opened successfully 
2020-04-25 19:25:22,398 INFO  [Test_1] Clicked on 'Magnifying glass' Menu 
2020-04-25 19:25:24,375 INFO  [Test_1] Enter 'Single Page Applications' in text box 
2020-04-25 19:25:25,332 INFO  [Test_1] Checking Search results 
2020-04-25 19:35:21,006 INFO  [Test_1] Website opened successfully 
2020-04-25 19:35:21,681 INFO  [Test_1] Clicked on 'HamBurger' Menu 
2020-04-25 19:35:23,548 INFO  [Test_1] Clicked on 'Contact us' Menu 
2020-04-25 19:35:23,675 INFO  [Test_1] Checking 'PWC','Digital Plus','CareerAT','General' Tabs 
2020-04-25 19:35:31,799 INFO  [Test_1] Website opened successfully 
2020-04-25 19:35:32,338 INFO  [Test_1] Checking Carousel is dispalyed 
2020-04-25 19:35:33,268 INFO  [Test_1] Clicked on 'Next' button/link 
2020-04-25 19:35:34,099 INFO  [Test_1] Clicked on 'Previous' button/link 
2020-04-25 19:35:42,897 INFO  [Test_1] Website opened successfully 
2020-04-25 19:35:43,485 INFO  [Test_1] Clicked on 'Magnifying glass' Menu 
2020-04-25 19:35:45,086 INFO  [Test_1] Enter 'Single Page Applications' in text box 
2020-04-25 19:35:45,915 INFO  [Test_1] Checking Search results 
2020-04-25 21:41:04,614 INFO  [Test_1] Website opened successfully 
2020-04-25 21:41:05,310 INFO  [Test_1] Clicked on 'HamBurger' Menu 
2020-04-25 21:41:09,497 INFO  [Test_1] Clicked on 'Contact us' Menu 
2020-04-25 21:41:09,671 INFO  [Test_1] Checking 'PWC','Digital Plus','CareerAT','General' Tabs 
2020-04-25 21:41:18,186 INFO  [Test_1] Website opened successfully 
2020-04-25 21:41:18,729 INFO  [Test_1] Checking Carousel is dispalyed 
2020-04-25 21:41:19,596 INFO  [Test_1] Clicked on 'Next' button/link 
2020-04-25 21:41:20,495 INFO  [Test_1] Clicked on 'Previous' button/link 
2020-04-25 21:41:28,859 INFO  [Test_1] Website opened successfully 
2020-04-25 21:41:29,479 INFO  [Test_1] Clicked on 'Magnifying glass' Menu 
2020-04-25 21:41:31,370 INFO  [Test_1] Enter 'Single Page Applications' in text box 
2020-04-25 21:41:32,279 INFO  [Test_1] Checking Search results 
2020-04-25 21:43:31,654 INFO  [Test_1] Website opened successfully 
2020-04-25 21:43:32,368 INFO  [Test_1] Clicked on 'HamBurger' Menu 
2020-04-25 21:43:34,188 INFO  [Test_1] Clicked on 'Contact us' Menu 
2020-04-25 21:43:34,318 INFO  [Test_1] Checking 'PWC','Digital Plus','CareerAT','General' Tabs 
2020-04-25 21:43:44,626 INFO  [Test_1] Website opened successfully 
2020-04-25 21:43:45,863 INFO  [Test_1] Checking Carousel is dispalyed 
2020-04-25 21:43:47,085 INFO  [Test_1] Clicked on 'Next' button/link 
2020-04-25 21:43:48,397 INFO  [Test_1] Clicked on 'Previous' button/link 
2020-04-25 21:43:59,242 INFO  [Test_1] Website opened successfully 
2020-04-25 21:43:59,952 INFO  [Test_1] Clicked on 'Magnifying glass' Menu 
2020-04-25 21:44:01,581 INFO  [Test_1] Enter 'Single Page Applications' in text box 
2020-04-25 21:44:02,559 INFO  [Test_1] Checking Search results 
